2021-05-11 05:34:46 info: --------------------------------------------
2021-05-11 05:34:46 info: >>> Running Unit Test `ex2-mondaysWorth` <<<
2021-05-11 05:34:46 info: --------------------------------------------
2021-05-11 05:35:03 error: *** Unit Test Error Report ***

- mondaysWorth should take two parameters
- mondaysWorth should use `map`
- mondaysWorth should compute the earnings as a formatted Euro amount
  Expected: €187.50
  Received: undefined

2021-05-13 09:20:33 info: -------------------------------------------------
2021-05-13 09:20:33 info: >>> Running Unit Test `ex1-doubleEvenNumbers` <<<
2021-05-13 09:20:33 info: -------------------------------------------------
2021-05-13 09:20:46 info: All unit tests passed.
2021-05-13 09:20:53 info: All steps were completed successfully
2021-05-13 09:21:37 info: --------------------------------------------
2021-05-13 09:21:37 info: >>> Running Unit Test `ex2-mondaysWorth` <<<
2021-05-13 09:21:37 info: --------------------------------------------
2021-05-13 09:21:43 info: All unit tests passed.
2021-05-13 09:21:47 info: All steps were completed successfully
2021-05-13 09:22:26 info: --------------------------------------------
2021-05-13 09:22:26 info: >>> Running Unit Test `ex3-lemonAllergy` <<<
2021-05-13 09:22:26 info: --------------------------------------------
2021-05-13 09:22:31 info: All unit tests passed.
2021-05-13 09:22:34 info: All steps were completed successfully
2021-05-13 09:23:21 info: ------------------------------------------------
2021-05-13 09:23:21 info: >>> Running Unit Test `ex4-publishSubscribe` <<<
2021-05-13 09:23:21 info: ------------------------------------------------
2021-05-13 09:23:25 info: All unit tests passed.
2021-05-13 09:23:29 info: All steps were completed successfully
2021-05-13 09:25:23 info: --------------------------------------
2021-05-13 09:25:23 info: >>> Running Unit Test `ex5-wallet` <<<
2021-05-13 09:25:23 info: --------------------------------------
2021-05-13 09:25:28 error: *** Unit Test Error Report ***

- wallet q1: At line 26, which variables are in the scope marked Closure?
- wallet q2: What is in the Call Stack, from top to bottom?
- wallet q3: What tooltip appears when hovering over the third debug button?
- wallet q4: What is displayed in the console?
- wallet q5: The owner of the wallet with insufficient funds is:

2021-05-13 09:25:30 error: *** ESLint Report ***

ex5-wallet/index.js
   80:13  error  'b' is not defined  no-undef
   89:13  error  'c' is not defined  no-undef
   98:13  error  'a' is not defined  no-undef
  107:13  error  'b' is not defined  no-undef
  116:13  error  'c' is not defined  no-undef

✖ 5 problems (5 errors, 0 warnings)


2021-05-14 12:00:29 info: -------------------------------------------------
2021-05-14 12:00:29 info: >>> Running Unit Test `ex1-doubleEvenNumbers` <<<
2021-05-14 12:00:29 info: -------------------------------------------------
2021-05-14 12:00:44 info: All unit tests passed.
2021-05-14 12:00:53 info: All steps were completed successfully
2021-05-14 07:01:02 info: --------------------------------------
2021-05-14 07:01:02 info: >>> Running Unit Test `ex5-wallet` <<<
2021-05-14 07:01:02 info: --------------------------------------
2021-05-14 07:01:06 error: *** Unit Test Error Report ***

- wallet q4: What is displayed in the console?

2021-05-14 07:57:46 info: --------------------------------------
2021-05-14 07:57:46 info: >>> Running Unit Test `ex5-wallet` <<<
2021-05-14 07:57:46 info: --------------------------------------
2021-05-14 07:57:51 info: All unit tests passed.
2021-05-14 07:57:54 info: All steps were completed successfully
2021-05-15 11:52:31 info: --------------------------------------
2021-05-15 11:52:31 info: >>> Running Unit Test `ex5-wallet` <<<
2021-05-15 11:52:31 info: --------------------------------------
2021-05-15 11:52:37 info: All unit tests passed.
2021-05-15 11:52:43 info: All steps were completed successfully
